<?xml version="1.0" encoding="UTF-8"?>
<project xmlns="http://maven.apache.org/POM/4.0.0" xmlns:xsi="http://www.w3.org/2001/XMLSchema-instance" xsi:schemaLocation="http://maven.apache.org/POM/4.0.0 http://maven.apache.org/maven-v4_0_0.xsd">

   <!-- Model Version -->
   <modelVersion>4.0.0</modelVersion>

   <!-- This is used for reproducing SHRINKRES-232 -->
   <!-- Artifact Configuration -->
   <groupId>org.jboss.shrinkwrap.test</groupId>
   <artifactId>test-spring</artifactId>
   <version>1.0.0</version>
   <packaging>jar</packaging>

   <dependencies>
      <dependency>
         <groupId>org.springframework</groupId>
         <artifactId>spring-web</artifactId>
         <version>4.2.1.RELEASE</version>
      </dependency>
      <dependency>
         <groupId>org.springframework.data</groupId>
         <artifactId>spring-data-jpa</artifactId>
         <version>1.9.0.RELEASE</version>
      </dependency>
   </dependencies>

</project>
